e:\development\pe\pe_labs\release\barleybreak\barleybreak.winmd
e:\development\pe\pe_labs\release\barleybreak\barleybreak.lib
e:\development\pe\pe_labs\release\barleybreak\barleybreak.exp
e:\development\pe\pe_labs\barleybreak\generated files\app.g.h
e:\development\pe\pe_labs\barleybreak\generated files\mainpage.g.h
e:\development\pe\pe_labs\barleybreak\generated files\xamllibmetadataprovider.g.cpp
e:\development\pe\pe_labs\barleybreak\generated files\xamltypeinfo.impl.g.cpp
e:\development\pe\pe_labs\barleybreak\generated files\app.xaml
e:\development\pe\pe_labs\barleybreak\generated files\mainpage.xaml
e:\development\pe\pe_labs\barleybreak\generated files\app.xbf
e:\development\pe\pe_labs\barleybreak\generated files\mainpage.xbf
e:\development\pe\pe_labs\barleybreak\release\xamlsavestatefile.xml
e:\development\pe\pe_labs\barleybreak\generated files\xamltypeinfo.g.cpp
e:\development\pe\pe_labs\release\barleybreak\app.xbf
e:\development\pe\pe_labs\release\barleybreak\mainpage.xbf
e:\development\pe\pe_labs\barleybreak\release\resourcehandlingtask.state
e:\development\pe\pe_labs\barleybreak\release\priconfig.xml
e:\development\pe\pe_labs\barleybreak\release\priconfig.xml.intermediate
e:\development\pe\pe_labs\barleybreak\release\layout.resfiles
e:\development\pe\pe_labs\barleybreak\release\layout.resfiles.intermediate
e:\development\pe\pe_labs\barleybreak\release\resources.resfiles
e:\development\pe\pe_labs\barleybreak\release\resources.resfiles.intermediate
e:\development\pe\pe_labs\barleybreak\release\pri.resfiles
e:\development\pe\pe_labs\barleybreak\release\pri.resfiles.intermediate
e:\development\pe\pe_labs\release\barleybreak\resources.pri
e:\development\pe\pe_labs\barleybreak\release\qualifiers.txt
e:\development\pe\pe_labs\barleybreak\release\qualifiers.txt.intermediate
e:\development\pe\pe_labs\barleybreak\release\multiplequalifiersperdimensionfound.txt
e:\development\pe\pe_labs\barleybreak\release\projectarchitectures.txt
e:\development\pe\pe_labs\release\barleybreak\appxmanifest.xml
e:\development\pe\pe_labs\barleybreak\release\ilc\in\barleybreak.exe
e:\development\pe\pe_labs\barleybreak\release\ilc\in\barleybreak.pdb
e:\development\pe\pe_labs\barleybreak\release\ilc\in\barleybreak.winmd
e:\development\pe\pe_labs\barleybreak\release\ilc\in\assets\lockscreenlogo.scale-200.png
e:\development\pe\pe_labs\barleybreak\release\ilc\in\assets\splashscreen.scale-200.png
e:\development\pe\pe_labs\barleybreak\release\ilc\in\assets\square150x150logo.scale-200.png
e:\development\pe\pe_labs\barleybreak\release\ilc\in\assets\square44x44logo.scale-200.png
e:\development\pe\pe_labs\barleybreak\release\ilc\in\assets\square44x44logo.targetsize-24_altform-unplated.png
e:\development\pe\pe_labs\barleybreak\release\ilc\in\assets\storelogo.png
e:\development\pe\pe_labs\barleybreak\release\ilc\in\assets\wide310x150logo.scale-200.png
e:\development\pe\pe_labs\barleybreak\release\ilc\in\resources.pri
e:\development\pe\pe_labs\barleybreak\release\ilc.barleybreak.rsp
e:\development\pe\pe_labs\release\barleybreak\ilc\assets\lockscreenlogo.scale-200.png
e:\development\pe\pe_labs\release\barleybreak\ilc\assets\splashscreen.scale-200.png
e:\development\pe\pe_labs\release\barleybreak\ilc\assets\square150x150logo.scale-200.png
e:\development\pe\pe_labs\release\barleybreak\ilc\assets\square44x44logo.scale-200.png
e:\development\pe\pe_labs\release\barleybreak\ilc\assets\square44x44logo.targetsize-24_altform-unplated.png
e:\development\pe\pe_labs\release\barleybreak\ilc\assets\storelogo.png
e:\development\pe\pe_labs\release\barleybreak\ilc\assets\wide310x150logo.scale-200.png
e:\development\pe\pe_labs\release\barleybreak\ilc\barleybreak.exe
e:\development\pe\pe_labs\release\barleybreak\ilc\barleybreak.pdb
e:\development\pe\pe_labs\release\barleybreak\ilc\barleybreak.winmd
e:\development\pe\pe_labs\release\barleybreak\ilc\resources.pri
e:\development\pe\pe_labs\release\barleybreak\barleybreak.build.appxrecipe
e:\development\pe\pe_labs\barleybreak\release\barleybreak.vcxprojresolveassemblyreference.cache
e:\development\pe\pe_labs\barleybreak\release\barleybreak.pch
e:\development\pe\pe_labs\barleybreak\release\vc140.pdb
e:\development\pe\pe_labs\barleybreak\release\pch.obj
e:\development\pe\pe_labs\barleybreak\release\cell.obj
e:\development\pe\pe_labs\barleybreak\release\mainpage.xaml.obj
e:\development\pe\pe_labs\barleybreak\release\app.xaml.obj
e:\development\pe\pe_labs\barleybreak\release\xamltypeinfo.impl.g.obj
e:\development\pe\pe_labs\barleybreak\release\xamltypeinfo.g.obj
e:\development\pe\pe_labs\barleybreak\release\barleybreak.tlog\barleybreak.winmd.lastbuild
e:\development\pe\pe_labs\release\barleybreak\barleybreak.exe
e:\development\pe\pe_labs\release\barleybreak\barleybreak.ipdb
e:\development\pe\pe_labs\release\barleybreak\barleybreak.iobj
e:\development\pe\pe_labs\release\barleybreak\barleybreak.pdb
e:\development\pe\pe_labs\barleybreak\release\embed.resfiles
e:\development\pe\pe_labs\barleybreak\release\barleybreak.tlog\barleybreak.read.1u.tlog
e:\development\pe\pe_labs\barleybreak\release\barleybreak.tlog\barleybreak.write.1u.tlog
e:\development\pe\pe_labs\barleybreak\release\barleybreak.tlog\cl.command.1.tlog
e:\development\pe\pe_labs\barleybreak\release\barleybreak.tlog\cl.read.1.tlog
e:\development\pe\pe_labs\barleybreak\release\barleybreak.tlog\cl.write.1.tlog
e:\development\pe\pe_labs\barleybreak\release\barleybreak.tlog\link.command.1.tlog
e:\development\pe\pe_labs\barleybreak\release\barleybreak.tlog\link.read.1.tlog
e:\development\pe\pe_labs\barleybreak\release\barleybreak.tlog\link.write.1.tlog
e:\development\pe\pe_labs\barleybreak\generated files\xamlbindinginfo.g.h
e:\development\pe\pe_labs\barleybreak\generated files\xamltypeinfo.g.h
