e:\development\pe\pe_labs\debug\barleybreak\barleybreak.winmd
e:\development\pe\pe_labs\debug\barleybreak\barleybreak.lib
e:\development\pe\pe_labs\debug\barleybreak\barleybreak.exp
e:\development\pe\pe_labs\barleybreak\generated files\app.g.h
e:\development\pe\pe_labs\barleybreak\generated files\mainpage.g.h
e:\development\pe\pe_labs\barleybreak\generated files\xamllibmetadataprovider.g.cpp
e:\development\pe\pe_labs\barleybreak\generated files\xamltypeinfo.impl.g.cpp
e:\development\pe\pe_labs\barleybreak\generated files\app.xaml
e:\development\pe\pe_labs\barleybreak\generated files\mainpage.xaml
e:\development\pe\pe_labs\barleybreak\generated files\app.xbf
e:\development\pe\pe_labs\barleybreak\generated files\mainpage.xbf
e:\development\pe\pe_labs\barleybreak\debug\xamlsavestatefile.xml
e:\development\pe\pe_labs\barleybreak\generated files\xamltypeinfo.g.cpp
e:\development\pe\pe_labs\debug\barleybreak\app.xbf
e:\development\pe\pe_labs\debug\barleybreak\mainpage.xbf
e:\development\pe\pe_labs\barleybreak\debug\resourcehandlingtask.state
e:\development\pe\pe_labs\barleybreak\debug\priconfig.xml
e:\development\pe\pe_labs\barleybreak\debug\priconfig.xml.intermediate
e:\development\pe\pe_labs\barleybreak\debug\layout.resfiles
e:\development\pe\pe_labs\barleybreak\debug\layout.resfiles.intermediate
e:\development\pe\pe_labs\barleybreak\debug\resources.resfiles
e:\development\pe\pe_labs\barleybreak\debug\resources.resfiles.intermediate
e:\development\pe\pe_labs\barleybreak\debug\pri.resfiles
e:\development\pe\pe_labs\barleybreak\debug\pri.resfiles.intermediate
e:\development\pe\pe_labs\debug\barleybreak\resources.pri
e:\development\pe\pe_labs\barleybreak\debug\qualifiers.txt
e:\development\pe\pe_labs\barleybreak\debug\qualifiers.txt.intermediate
e:\development\pe\pe_labs\barleybreak\debug\multiplequalifiersperdimensionfound.txt
e:\development\pe\pe_labs\barleybreak\debug\projectarchitectures.txt
e:\development\pe\pe_labs\debug\barleybreak\appxmanifest.xml
e:\development\pe\pe_labs\debug\barleybreak\barleybreak.build.appxrecipe
e:\development\pe\pe_labs\barleybreak\debug\barleybreak.pch
e:\development\pe\pe_labs\barleybreak\debug\vc140.pdb
e:\development\pe\pe_labs\barleybreak\debug\vc140.idb
e:\development\pe\pe_labs\barleybreak\debug\pch.obj
e:\development\pe\pe_labs\barleybreak\debug\cell.obj
e:\development\pe\pe_labs\barleybreak\debug\mainpage.xaml.obj
e:\development\pe\pe_labs\barleybreak\debug\app.xaml.obj
e:\development\pe\pe_labs\barleybreak\debug\xamltypeinfo.impl.g.obj
e:\development\pe\pe_labs\barleybreak\debug\xamltypeinfo.g.obj
e:\development\pe\pe_labs\barleybreak\debug\barleybreak.tlog\barleybreak.winmd.lastbuild
e:\development\pe\pe_labs\debug\barleybreak\barleybreak.ilk
e:\development\pe\pe_labs\debug\barleybreak\barleybreak.exe
e:\development\pe\pe_labs\debug\barleybreak\barleybreak.pdb
e:\development\pe\pe_labs\barleybreak\debug\embed.resfiles
e:\development\pe\pe_labs\barleybreak\debug\barleybreak.tlog\barleybreak.read.1u.tlog
e:\development\pe\pe_labs\barleybreak\debug\barleybreak.tlog\barleybreak.write.1u.tlog
e:\development\pe\pe_labs\barleybreak\debug\barleybreak.tlog\cl.command.1.tlog
e:\development\pe\pe_labs\barleybreak\debug\barleybreak.tlog\cl.read.1.tlog
e:\development\pe\pe_labs\barleybreak\debug\barleybreak.tlog\cl.write.1.tlog
e:\development\pe\pe_labs\barleybreak\debug\barleybreak.tlog\link.command.1.tlog
e:\development\pe\pe_labs\barleybreak\debug\barleybreak.tlog\link.read.1.tlog
e:\development\pe\pe_labs\barleybreak\debug\barleybreak.tlog\link.write.1.tlog
e:\development\pe\pe_labs\barleybreak\generated files\xamlbindinginfo.g.h
e:\development\pe\pe_labs\barleybreak\generated files\xamltypeinfo.g.h
