e:\development\pe\pe_labs\textprocessing\release\textprocessing.pch.codeanalysis
e:\development\pe\pe_labs\textprocessing\release\vc140.pdb
e:\development\pe\pe_labs\textprocessing\release\textprocessing.pch.codeanalysisast
e:\development\pe\pe_labs\textprocessing\release\pch.nativecodeanalysis.xml
e:\development\pe\pe_labs\textprocessing\release\pch.obj
e:\development\pe\pe_labs\textprocessing\release\app.xaml.nativecodeanalysis.xml
e:\development\pe\pe_labs\textprocessing\release\app.xaml.obj
e:\development\pe\pe_labs\textprocessing\release\plant.nativecodeanalysis.xml
e:\development\pe\pe_labs\textprocessing\release\plant.obj
e:\development\pe\pe_labs\textprocessing\release\xamltypeinfo.impl.g.nativecodeanalysis.xml
e:\development\pe\pe_labs\textprocessing\release\xamltypeinfo.impl.g.obj
e:\development\pe\pe_labs\textprocessing\release\mainpage.xaml.nativecodeanalysis.xml
e:\development\pe\pe_labs\textprocessing\release\mainpage.xaml.obj
e:\development\pe\pe_labs\textprocessing\release\xamltypeinfo.g.nativecodeanalysis.xml
e:\development\pe\pe_labs\textprocessing\release\xamltypeinfo.g.obj
e:\development\pe\pe_labs\release\textprocessing\textprocessing.winmd
e:\development\pe\pe_labs\textprocessing\release\textprocessing.tlog\textprocessing.winmd.lastbuild
e:\development\pe\pe_labs\release\textprocessing\textprocessing.exe
e:\development\pe\pe_labs\release\textprocessing\textprocessing.ipdb
e:\development\pe\pe_labs\release\textprocessing\textprocessing.iobj
e:\development\pe\pe_labs\release\textprocessing\textprocessing.pdb
e:\development\pe\pe_labs\textprocessing\release\textprocessing.res
e:\development\pe\pe_labs\release\textprocessing\textprocessing.lib
e:\development\pe\pe_labs\release\textprocessing\textprocessing.exp
e:\development\pe\pe_labs\textprocessing\release\textprocessing.vcxprojresolveassemblyreference.cache
e:\development\pe\pe_labs\textprocessing\generated files\app.g.h
e:\development\pe\pe_labs\textprocessing\generated files\mainpage.g.h
e:\development\pe\pe_labs\textprocessing\generated files\xamllibmetadataprovider.g.cpp
e:\development\pe\pe_labs\textprocessing\generated files\xamltypeinfo.impl.g.cpp
e:\development\pe\pe_labs\textprocessing\generated files\app.xaml
e:\development\pe\pe_labs\textprocessing\generated files\mainpage.xaml
e:\development\pe\pe_labs\textprocessing\generated files\app.xbf
e:\development\pe\pe_labs\textprocessing\generated files\mainpage.xbf
e:\development\pe\pe_labs\textprocessing\release\xamlsavestatefile.xml
e:\development\pe\pe_labs\textprocessing\generated files\xamltypeinfo.g.cpp
e:\development\pe\pe_labs\release\textprocessing\textprocessing.exe.lastcodeanalysissucceeded
e:\development\pe\pe_labs\textprocessing\release\nativecodeanalysis.read.1.tlog
e:\development\pe\pe_labs\release\textprocessing\app.xbf
e:\development\pe\pe_labs\release\textprocessing\mainpage.xbf
e:\development\pe\pe_labs\textprocessing\release\resourcehandlingtask.state
e:\development\pe\pe_labs\textprocessing\release\priconfig.xml
e:\development\pe\pe_labs\textprocessing\release\priconfig.xml.intermediate
e:\development\pe\pe_labs\textprocessing\release\layout.resfiles
e:\development\pe\pe_labs\textprocessing\release\layout.resfiles.intermediate
e:\development\pe\pe_labs\textprocessing\release\resources.resfiles
e:\development\pe\pe_labs\textprocessing\release\resources.resfiles.intermediate
e:\development\pe\pe_labs\textprocessing\release\pri.resfiles
e:\development\pe\pe_labs\textprocessing\release\pri.resfiles.intermediate
e:\development\pe\pe_labs\release\textprocessing\resources.pri
e:\development\pe\pe_labs\textprocessing\release\qualifiers.txt
e:\development\pe\pe_labs\textprocessing\release\qualifiers.txt.intermediate
e:\development\pe\pe_labs\textprocessing\release\multiplequalifiersperdimensionfound.txt
e:\development\pe\pe_labs\textprocessing\release\projectarchitectures.txt
e:\development\pe\pe_labs\release\textprocessing\appxmanifest.xml
e:\development\pe\pe_labs\textprocessing\release\ilc\in\textprocessing.exe
e:\development\pe\pe_labs\textprocessing\release\ilc\in\textprocessing.pdb
e:\development\pe\pe_labs\textprocessing\release\ilc\in\textprocessing.winmd
e:\development\pe\pe_labs\textprocessing\release\ilc\in\assets\plants\class.txt
e:\development\pe\pe_labs\textprocessing\release\ilc\in\assets\plants\division.txt
e:\development\pe\pe_labs\textprocessing\release\ilc\in\assets\plants\family.txt
e:\development\pe\pe_labs\textprocessing\release\ilc\in\assets\plants\genus.txt
e:\development\pe\pe_labs\textprocessing\release\ilc\in\assets\plants\kingdom.txt
e:\development\pe\pe_labs\textprocessing\release\ilc\in\assets\plants\order.txt
e:\development\pe\pe_labs\textprocessing\release\ilc\in\assets\plants\subclass.txt
e:\development\pe\pe_labs\textprocessing\release\ilc\in\assets\plants\subdivision.txt
e:\development\pe\pe_labs\textprocessing\release\ilc\in\assets\plants\subkingdom.txt
e:\development\pe\pe_labs\textprocessing\release\ilc\in\assets\plants\superdivision.txt
e:\development\pe\pe_labs\textprocessing\release\ilc\in\assets\lockscreenlogo.scale-200.png
e:\development\pe\pe_labs\textprocessing\release\ilc\in\assets\splashscreen.scale-200.png
e:\development\pe\pe_labs\textprocessing\release\ilc\in\assets\square150x150logo.scale-200.png
e:\development\pe\pe_labs\textprocessing\release\ilc\in\assets\square44x44logo.scale-200.png
e:\development\pe\pe_labs\textprocessing\release\ilc\in\assets\square44x44logo.targetsize-24_altform-unplated.png
e:\development\pe\pe_labs\textprocessing\release\ilc\in\assets\storelogo.png
e:\development\pe\pe_labs\textprocessing\release\ilc\in\assets\wide310x150logo.scale-200.png
e:\development\pe\pe_labs\textprocessing\release\ilc\in\resources.pri
e:\development\pe\pe_labs\textprocessing\release\ilc.textprocessing.rsp
e:\development\pe\pe_labs\release\textprocessing\ilc\assets\lockscreenlogo.scale-200.png
e:\development\pe\pe_labs\release\textprocessing\ilc\assets\plants\class.txt
e:\development\pe\pe_labs\release\textprocessing\ilc\assets\plants\division.txt
e:\development\pe\pe_labs\release\textprocessing\ilc\assets\plants\family.txt
e:\development\pe\pe_labs\release\textprocessing\ilc\assets\plants\genus.txt
e:\development\pe\pe_labs\release\textprocessing\ilc\assets\plants\kingdom.txt
e:\development\pe\pe_labs\release\textprocessing\ilc\assets\plants\order.txt
e:\development\pe\pe_labs\release\textprocessing\ilc\assets\plants\subclass.txt
e:\development\pe\pe_labs\release\textprocessing\ilc\assets\plants\subdivision.txt
e:\development\pe\pe_labs\release\textprocessing\ilc\assets\plants\subkingdom.txt
e:\development\pe\pe_labs\release\textprocessing\ilc\assets\plants\superdivision.txt
e:\development\pe\pe_labs\release\textprocessing\ilc\assets\splashscreen.scale-200.png
e:\development\pe\pe_labs\release\textprocessing\ilc\assets\square150x150logo.scale-200.png
e:\development\pe\pe_labs\release\textprocessing\ilc\assets\square44x44logo.scale-200.png
e:\development\pe\pe_labs\release\textprocessing\ilc\assets\square44x44logo.targetsize-24_altform-unplated.png
e:\development\pe\pe_labs\release\textprocessing\ilc\assets\storelogo.png
e:\development\pe\pe_labs\release\textprocessing\ilc\assets\wide310x150logo.scale-200.png
e:\development\pe\pe_labs\release\textprocessing\ilc\resources.pri
e:\development\pe\pe_labs\release\textprocessing\ilc\textprocessing.exe
e:\development\pe\pe_labs\release\textprocessing\ilc\textprocessing.pdb
e:\development\pe\pe_labs\release\textprocessing\ilc\textprocessing.winmd
e:\development\pe\pe_labs\release\textprocessing\textprocessing.build.appxrecipe
e:\development\pe\pe_labs\textprocessing\release\embed.resfiles
e:\development\pe\pe_labs\textprocessing\release\vc.nativecodeanalysis.all.xml
e:\development\pe\pe_labs\textprocessing\release\textprocessing.tlog\cl.command.1.tlog
e:\development\pe\pe_labs\textprocessing\release\textprocessing.tlog\cl.read.1.tlog
e:\development\pe\pe_labs\textprocessing\release\textprocessing.tlog\cl.write.1.tlog
e:\development\pe\pe_labs\textprocessing\release\textprocessing.tlog\link.command.1.tlog
e:\development\pe\pe_labs\textprocessing\release\textprocessing.tlog\link.read.1.tlog
e:\development\pe\pe_labs\textprocessing\release\textprocessing.tlog\link.write.1.tlog
e:\development\pe\pe_labs\textprocessing\release\textprocessing.tlog\rc.command.1.tlog
e:\development\pe\pe_labs\textprocessing\release\textprocessing.tlog\rc.read.1.tlog
e:\development\pe\pe_labs\textprocessing\release\textprocessing.tlog\rc.write.1.tlog
e:\development\pe\pe_labs\textprocessing\release\textprocessing.tlog\textprocessing.read.1u.tlog
e:\development\pe\pe_labs\textprocessing\release\textprocessing.tlog\textprocessing.write.1u.tlog
e:\development\pe\pe_labs\textprocessing\generated files\xamlbindinginfo.g.h
e:\development\pe\pe_labs\textprocessing\generated files\xamltypeinfo.g.h
