e:\development\pe\pe_labs\primitivepaint\release\primitivepaint.pch
e:\development\pe\pe_labs\primitivepaint\release\vc140.pdb
e:\development\pe\pe_labs\primitivepaint\release\pch.obj
e:\development\pe\pe_labs\primitivepaint\release\app.xaml.obj
e:\development\pe\pe_labs\primitivepaint\release\xamltypeinfo.impl.g.obj
e:\development\pe\pe_labs\primitivepaint\release\mainpage.xaml.obj
e:\development\pe\pe_labs\release\primitivepaint\primitivepaint.exe
e:\development\pe\pe_labs\release\primitivepaint\primitivepaint.ipdb
e:\development\pe\pe_labs\release\primitivepaint\primitivepaint.iobj
e:\development\pe\pe_labs\release\primitivepaint\primitivepaint.pdb
e:\development\pe\pe_labs\primitivepaint\release\primitivepaint.tlog\primitivepaint.winmd.lastbuild
e:\development\pe\pe_labs\release\primitivepaint\primitivepaint.winmd
e:\development\pe\pe_labs\release\primitivepaint\primitivepaint.lib
e:\development\pe\pe_labs\release\primitivepaint\primitivepaint.exp
e:\development\pe\pe_labs\primitivepaint\release\primitivepaint.vcxprojresolveassemblyreference.cache
e:\development\pe\pe_labs\primitivepaint\release\ilc.primitivepaint.rsp
e:\development\pe\pe_labs\primitivepaint\release\embed.resfiles
e:\development\pe\pe_labs\primitivepaint\release\layout.resfiles
e:\development\pe\pe_labs\primitivepaint\release\pri.resfiles
e:\development\pe\pe_labs\primitivepaint\release\resources.resfiles
e:\development\pe\pe_labs\primitivepaint\release\priconfig.xml
e:\development\pe\pe_labs\primitivepaint\release\xamlsavestatefile.xml
e:\development\pe\pe_labs\primitivepaint\release\primitivepaint.tlog\cl.command.1.tlog
e:\development\pe\pe_labs\primitivepaint\release\primitivepaint.tlog\cl.read.1.tlog
e:\development\pe\pe_labs\primitivepaint\release\primitivepaint.tlog\cl.write.1.tlog
e:\development\pe\pe_labs\primitivepaint\release\primitivepaint.tlog\link.command.1.tlog
e:\development\pe\pe_labs\primitivepaint\release\primitivepaint.tlog\link.read.1.tlog
e:\development\pe\pe_labs\primitivepaint\release\primitivepaint.tlog\link.write.1.tlog
e:\development\pe\pe_labs\primitivepaint\release\primitivepaint.tlog\primitivepaint.read.1u.tlog
e:\development\pe\pe_labs\primitivepaint\release\primitivepaint.tlog\primitivepaint.write.1u.tlog
e:\development\pe\pe_labs\primitivepaint\generated files\app.g.h
e:\development\pe\pe_labs\primitivepaint\generated files\mainpage.g.h
e:\development\pe\pe_labs\primitivepaint\generated files\xamlbindinginfo.g.h
e:\development\pe\pe_labs\primitivepaint\generated files\xamltypeinfo.g.h
e:\development\pe\pe_labs\primitivepaint\generated files\xamllibmetadataprovider.g.cpp
e:\development\pe\pe_labs\primitivepaint\generated files\xamltypeinfo.g.cpp
e:\development\pe\pe_labs\primitivepaint\generated files\xamltypeinfo.impl.g.cpp
e:\development\pe\pe_labs\primitivepaint\generated files\app.xaml
e:\development\pe\pe_labs\primitivepaint\generated files\mainpage.xaml
