e:\development\pe\pe_labs\events\release\events.pch.codeanalysis
e:\development\pe\pe_labs\events\release\vc140.pdb
e:\development\pe\pe_labs\events\release\events.pch.codeanalysisast
e:\development\pe\pe_labs\events\release\pch.nativecodeanalysis.xml
e:\development\pe\pe_labs\events\release\pch.obj
e:\development\pe\pe_labs\events\release\mainpage.xaml.nativecodeanalysis.xml
e:\development\pe\pe_labs\events\release\mainpage.xaml.obj
e:\development\pe\pe_labs\events\release\app.xaml.nativecodeanalysis.xml
e:\development\pe\pe_labs\events\release\app.xaml.obj
e:\development\pe\pe_labs\events\release\xamltypeinfo.impl.g.nativecodeanalysis.xml
e:\development\pe\pe_labs\events\release\xamltypeinfo.impl.g.obj
e:\development\pe\pe_labs\events\release\xamltypeinfo.g.nativecodeanalysis.xml
e:\development\pe\pe_labs\events\release\xamltypeinfo.g.obj
e:\development\pe\pe_labs\release\events\events.winmd
e:\development\pe\pe_labs\release\events\events.lib
e:\development\pe\pe_labs\release\events\events.exp
e:\development\pe\pe_labs\events\release\events.vcxprojresolveassemblyreference.cache
e:\development\pe\pe_labs\events\generated files\app.g.h
e:\development\pe\pe_labs\events\generated files\mainpage.g.h
e:\development\pe\pe_labs\events\generated files\xamllibmetadataprovider.g.cpp
e:\development\pe\pe_labs\events\generated files\xamltypeinfo.impl.g.cpp
e:\development\pe\pe_labs\events\generated files\app.xaml
e:\development\pe\pe_labs\events\generated files\mainpage.xaml
e:\development\pe\pe_labs\events\generated files\app.xbf
e:\development\pe\pe_labs\events\generated files\mainpage.xbf
e:\development\pe\pe_labs\events\release\xamlsavestatefile.xml
e:\development\pe\pe_labs\events\generated files\xamltypeinfo.g.cpp
e:\development\pe\pe_labs\release\events\events.exe.lastcodeanalysissucceeded
e:\development\pe\pe_labs\events\release\nativecodeanalysis.read.1.tlog
e:\development\pe\pe_labs\release\events\app.xbf
e:\development\pe\pe_labs\release\events\mainpage.xbf
e:\development\pe\pe_labs\events\release\resourcehandlingtask.state
e:\development\pe\pe_labs\events\release\priconfig.xml
e:\development\pe\pe_labs\events\release\priconfig.xml.intermediate
e:\development\pe\pe_labs\events\release\layout.resfiles
e:\development\pe\pe_labs\events\release\layout.resfiles.intermediate
e:\development\pe\pe_labs\events\release\resources.resfiles
e:\development\pe\pe_labs\events\release\resources.resfiles.intermediate
e:\development\pe\pe_labs\events\release\pri.resfiles
e:\development\pe\pe_labs\events\release\pri.resfiles.intermediate
e:\development\pe\pe_labs\release\events\resources.pri
e:\development\pe\pe_labs\events\release\qualifiers.txt
e:\development\pe\pe_labs\events\release\qualifiers.txt.intermediate
e:\development\pe\pe_labs\events\release\multiplequalifiersperdimensionfound.txt
e:\development\pe\pe_labs\events\release\projectarchitectures.txt
e:\development\pe\pe_labs\release\events\appxmanifest.xml
e:\development\pe\pe_labs\events\release\ilc\in\events.exe
e:\development\pe\pe_labs\events\release\ilc\in\events.pdb
e:\development\pe\pe_labs\events\release\ilc\in\events.winmd
e:\development\pe\pe_labs\events\release\ilc\in\assets\lockscreenlogo.scale-200.png
e:\development\pe\pe_labs\events\release\ilc\in\assets\splashscreen.scale-200.png
e:\development\pe\pe_labs\events\release\ilc\in\assets\square150x150logo.scale-200.png
e:\development\pe\pe_labs\events\release\ilc\in\assets\square44x44logo.scale-200.png
e:\development\pe\pe_labs\events\release\ilc\in\assets\square44x44logo.targetsize-24_altform-unplated.png
e:\development\pe\pe_labs\events\release\ilc\in\assets\storelogo.png
e:\development\pe\pe_labs\events\release\ilc\in\assets\wide310x150logo.scale-200.png
e:\development\pe\pe_labs\events\release\ilc\in\resources.pri
e:\development\pe\pe_labs\events\release\ilc.events.rsp
e:\development\pe\pe_labs\release\events\ilc\assets\lockscreenlogo.scale-200.png
e:\development\pe\pe_labs\release\events\ilc\assets\splashscreen.scale-200.png
e:\development\pe\pe_labs\release\events\ilc\assets\square150x150logo.scale-200.png
e:\development\pe\pe_labs\release\events\ilc\assets\square44x44logo.scale-200.png
e:\development\pe\pe_labs\release\events\ilc\assets\square44x44logo.targetsize-24_altform-unplated.png
e:\development\pe\pe_labs\release\events\ilc\assets\storelogo.png
e:\development\pe\pe_labs\release\events\ilc\assets\wide310x150logo.scale-200.png
e:\development\pe\pe_labs\release\events\ilc\events.exe
e:\development\pe\pe_labs\release\events\ilc\events.pdb
e:\development\pe\pe_labs\release\events\ilc\events.winmd
e:\development\pe\pe_labs\release\events\ilc\resources.pri
e:\development\pe\pe_labs\release\events\events.build.appxrecipe
e:\development\pe\pe_labs\events\release\events.tlog\events.winmd.lastbuild
e:\development\pe\pe_labs\release\events\events.exe
e:\development\pe\pe_labs\release\events\events.ipdb
e:\development\pe\pe_labs\release\events\events.iobj
e:\development\pe\pe_labs\release\events\events.pdb
e:\development\pe\pe_labs\events\release\embed.resfiles
e:\development\pe\pe_labs\events\release\vc.nativecodeanalysis.all.xml
e:\development\pe\pe_labs\events\release\events.tlog\cl.command.1.tlog
e:\development\pe\pe_labs\events\release\events.tlog\cl.read.1.tlog
e:\development\pe\pe_labs\events\release\events.tlog\cl.write.1.tlog
e:\development\pe\pe_labs\events\release\events.tlog\events.read.1u.tlog
e:\development\pe\pe_labs\events\release\events.tlog\events.write.1u.tlog
e:\development\pe\pe_labs\events\release\events.tlog\link.command.1.tlog
e:\development\pe\pe_labs\events\release\events.tlog\link.read.1.tlog
e:\development\pe\pe_labs\events\release\events.tlog\link.write.1.tlog
e:\development\pe\pe_labs\events\generated files\xamlbindinginfo.g.h
e:\development\pe\pe_labs\events\generated files\xamltypeinfo.g.h
